<?xml version="1.0" encoding="UTF-8"?>
<testng-results skipped="0" failed="0" total="1" passed="1">
  <reporter-output>
  </reporter-output>
  <suite name="Default suite" duration-ms="80" started-at="2021-04-22T12:28:56Z" finished-at="2021-04-22T12:28:56Z">
    <groups>
    </groups>
    <test name="Default test" duration-ms="80" started-at="2021-04-22T12:28:56Z" finished-at="2021-04-22T12:28:56Z">
      <class name="crm.Xylem.SampleProject.XylemSample">
        <test-method status="PASS" signature="sampleTest()[pri:0, instance:crm.Xylem.SampleProject.XylemSample@7c0e2abd]" name="sampleTest" duration-ms="29" started-at="2021-04-22T17:58:56Z" finished-at="2021-04-22T17:58:56Z">
          <reporter-output>
          </reporter-output>
        </test-method> <!-- sampleTest -->
      </class> <!-- crm.Xylem.SampleProject.XylemSample -->
    </test> <!-- Default test -->
  </suite> <!-- Default suite -->
</testng-results>
